[INFO 17:27:44]: The paths are defined as: 
PathUtils(root=/home/pnogueira/chewiepoint/bhowmik_2025/bhowmik2025_et_al_plots/src/bhowmik2025_et_al_plots)
Input Directory: /home/pnogueira/chewiepoint/bhowmik_2025/bhowmik2025_et_al_plots/src/bhowmik2025_et_al_plots/input_files
FITS Directory: /home/pnogueira/chewiepoint/bhowmik_2025/bhowmik2025_et_al_plots/src/bhowmik2025_et_al_plots/input_files/fits_files
Data - Residuals Directory: /home/pnogueira/chewiepoint/bhowmik_2025/bhowmik2025_et_al_plots/src/bhowmik2025_et_al_plots/input_files/fits_files/spec_avg_data_residual
Radial Profile Directory: /home/pnogueira/chewiepoint/bhowmik_2025/bhowmik2025_et_al_plots/src/bhowmik2025_et_al_plots/input_files/frank_profiles
Output Directory: /home/pnogueira/chewiepoint/bhowmik_2025/bhowmik2025_et_al_plots/src/bhowmik2025_et_al_plots/outputs
LaTeX Directory: /home/pnogueira/chewiepoint/bhowmik_2025/bhowmik2025_et_al_plots/src/bhowmik2025_et_al_plots/outputs/generated_figures_for_tex
################################################## [(l:46) [paths.py]]
##################################################
[INFO 17:27:44]: There is no mismatch - It is safe to merge!! [(l:231) [table_creator.py]]
##################################################
[INFO 17:27:44]: Saved table_paths.csv successfully! [(l:245) [table_creator.py]]
##################################################
[INFO 17:27:44]: Saved full_table.csv successfully! [(l:302) [table_creator.py]]
##################################################
[WARNING 17:27:45]: Flush mode enabled. Deleting content in /home/pnogueira/chewiepoint/bhowmik_2025/bhowmik2025_et_al_plots/src/bhowmik2025_et_al_plots/outputs [(l:74) [__main__.py]]
##################################################
[INFO 17:27:45]: Deleted folder: /home/pnogueira/chewiepoint/bhowmik_2025/bhowmik2025_et_al_plots/src/bhowmik2025_et_al_plots/outputs/generated_figures_for_tex [(l:80) [__main__.py]]
##################################################
[INFO 17:27:45]: Deleted folder: /home/pnogueira/chewiepoint/bhowmik_2025/bhowmik2025_et_al_plots/src/bhowmik2025_et_al_plots/outputs/pdf [(l:80) [__main__.py]]
##################################################
[INFO 17:27:46]: flux_ordered was set to True, and files will be saved as pdf with 600 dpi [(l:115) [plotter_w_decorators_w_residuals.py]]
##################################################
[INFO 17:27:49]: You have chosen  [ 0 - 101 ] range of files [(l:156) [plotter_w_decorators_w_residuals.py]]
##################################################
[INFO 17:30:39]: 1% as vmin were applied to odisea_c4_51 [(l:467) [plotter_w_decorators_w_residuals.py]]
##################################################
[INFO 17:30:40]: 1% as vmin were applied to odisea_c4_143 [(l:467) [plotter_w_decorators_w_residuals.py]]
##################################################
[INFO 17:30:42]: 1% as vmin were applied to odisea_c4_41 [(l:467) [plotter_w_decorators_w_residuals.py]]
##################################################
[INFO 17:30:49]: Elapsed plotting/saving time: 03:00.69 [(l:215) [plotter_w_decorators_w_residuals.py]]
##################################################
[INFO 17:31:44]: Double column format enabled for LaTeX grids. [(l:143) [images_latex.py]]
##################################################
[INFO 17:31:44]: The files are ordered in decreasing flux order in latex files [(l:169) [images_latex.py]]
##################################################
[INFO 17:31:44]: Latex grid files generated!!
################################################## [(l:281) [images_latex.py]]
##################################################
